<?xml version="1.0" encoding="UTF-8"?>
<!-- Generated by org.testng.reporters.JUnitReportReporter -->
<testsuite skipped="0" hostname="LAPTOP-V4V0BJM3" name="TC1.Testcase2" tests="1" failures="0" timestamp="2021-02-26T21:24:10 IST" time="14.555" errors="0">
  <testcase name="selectcomputers" time="14.555" classname="TC1.Testcase2"/>
  <system-out/>
</testsuite> <!-- TC1.Testcase2 -->
