<?xml version="1.0" encoding="UTF-8"?>
<!-- Generated by org.testng.reporters.JUnitReportReporter -->
<testsuite skipped="0" hostname="LAPTOP-V4V0BJM3" name="AppiumProject.TC1" tests="1" failures="0" timestamp="2021-02-26T17:09:09 IST" time="0.007" errors="0">
  <testcase name="f" time="0.007" classname="AppiumProject.TC1"/>
  <system-out/>
</testsuite> <!-- AppiumProject.TC1 -->
